<?xml version="1.0" encoding="UTF-8"?>
<testng-results skipped="0" failed="0" ignored="0" total="1" passed="1">
  <reporter-output>
  </reporter-output>
  <suite name="Default suite" duration-ms="74920" started-at="2019-09-13T01:40:14Z" finished-at="2019-09-13T01:41:28Z">
    <groups>
    </groups>
    <test name="Default test" duration-ms="74920" started-at="2019-09-13T01:40:14Z" finished-at="2019-09-13T01:41:28Z">
      <class name="com.threatconnect.sandbox.TestScripts.HostIndicatorTest">
        <test-method status="PASS" signature="openBrowser()[pri:0, instance:com.threatconnect.sandbox.TestScripts.HostIndicatorTest@215be6bb]" name="openBrowser" is-config="true" duration-ms="13338" started-at="2019-09-12T20:40:14Z" finished-at="2019-09-12T20:40:27Z">
          <reporter-output>
          </reporter-output>
        </test-method> <!-- openBrowser -->
        <test-method status="PASS" signature="createHostIndicator()[pri:0, instance:com.threatconnect.sandbox.TestScripts.HostIndicatorTest@215be6bb]" name="createHostIndicator" duration-ms="61286" started-at="2019-09-12T20:40:27Z" finished-at="2019-09-12T20:41:28Z">
          <reporter-output>
          </reporter-output>
        </test-method> <!-- createHostIndicator -->
        <test-method status="PASS" signature="closeBroswer()[pri:0, instance:com.threatconnect.sandbox.TestScripts.HostIndicatorTest@215be6bb]" name="closeBroswer" is-config="true" duration-ms="228" started-at="2019-09-12T20:41:28Z" finished-at="2019-09-12T20:41:28Z">
          <reporter-output>
          </reporter-output>
        </test-method> <!-- closeBroswer -->
      </class> <!-- com.threatconnect.sandbox.TestScripts.HostIndicatorTest -->
    </test> <!-- Default test -->
  </suite> <!-- Default suite -->
</testng-results>
